{
  "uid" : "592c3c49fce577e9",
  "name" : "删除员工",
  "fullName" : "com.helinfengxs.cases.employees.EmployeesDeleteCases.employeesDelete",
  "historyId" : "34b5b4964bd12e3b954bae824d43fdf2",
  "time" : {
    "start" : 1624009533482,
    "stop" : 1624009534020,
    "duration" : 538
  },
  "status" : "failed",
  "statusMessage" : "The following asserts failed:\nexpected [true] but found [false], expected [0] but found [3]",
  "statusTrace" : "java.lang.AssertionError: The following asserts failed:\nexpected [true] but found [false], expected [0] but found [3]\r\n\tat org.testng.asserts.SoftAssert.assertAll(SoftAssert.java:38)\r\n\tat com.helinfengxs.util.Util.testNgAssert(Util.java:675)\r\n\tat com.helinfengxs.cases.employees.EmployeesDeleteCases.employeesDelete(EmployeesDeleteCases.java:40)\r\n\tat sun.reflect.NativeMethodAccessorImpl.invoke0(Native Method)\r\n\tat sun.reflect.NativeMethodAccessorImpl.invoke(NativeMethodAccessorImpl.java:62)\r\n\tat sun.reflect.DelegatingMethodAccessorImpl.invoke(DelegatingMethodAccessorImpl.java:43)\r\n\tat java.lang.reflect.Method.invoke(Method.java:498)\r\n\tat org.testng.internal.MethodInvocationHelper.invokeMethod(MethodInvocationHelper.java:85)\r\n\tat org.testng.internal.Invoker.invokeMethod(Invoker.java:696)\r\n\tat org.testng.internal.Invoker.invokeTestMethod(Invoker.java:882)\r\n\tat org.testng.internal.Invoker.invokeTestMethods(Invoker.java:1189)\r\n\tat org.testng.internal.TestMethodWorker.invokeTestMethods(TestMethodWorker.java:124)\r\n\tat org.testng.internal.TestMethodWorker.run(TestMethodWorker.java:108)\r\n\tat org.testng.TestRunner.privateRun(TestRunner.java:767)\r\n\tat org.testng.TestRunner.run(TestRunner.java:617)\r\n\tat org.testng.SuiteRunner.runTest(SuiteRunner.java:348)\r\n\tat org.testng.SuiteRunner.runSequentially(SuiteRunner.java:343)\r\n\tat org.testng.SuiteRunner.privateRun(SuiteRunner.java:305)\r\n\tat org.testng.SuiteRunner.run(SuiteRunner.java:254)\r\n\tat org.testng.SuiteRunnerWorker.runSuite(SuiteRunnerWorker.java:52)\r\n\tat org.testng.SuiteRunnerWorker.run(SuiteRunnerWorker.java:86)\r\n\tat org.testng.TestNG.runSuitesSequentially(TestNG.java:1224)\r\n\tat org.testng.TestNG.runSuitesLocally(TestNG.java:1149)\r\n\tat org.testng.TestNG.run(TestNG.java:1057)\r\n\tat com.intellij.rt.testng.IDEARemoteTestNG.run(IDEARemoteTestNG.java:66)\r\n\tat com.intellij.rt.testng.RemoteTestNGStarter.main(RemoteTestNGStarter.java:109)\r\n",
  "flaky" : false,
  "newFailed" : false,
  "beforeStages" : [ {
    "name" : "init",
    "time" : {
      "start" : 1624009533475
    },
    "description" : "",
    "status" : "unknown",
    "steps" : [ ],
    "attachments" : [ ],
    "parameters" : [ ],
    "hasContent" : false,
    "shouldDisplayMessage" : false,
    "attachmentsCount" : 0,
    "stepsCount" : 0
  }, {
    "name" : "init",
    "time" : {
      "start" : 1624009533475,
      "stop" : 1624009533475,
      "duration" : 0
    },
    "description" : "",
    "status" : "passed",
    "steps" : [ ],
    "attachments" : [ ],
    "parameters" : [ ],
    "hasContent" : false,
    "shouldDisplayMessage" : false,
    "attachmentsCount" : 0,
    "stepsCount" : 0
  } ],
  "testStage" : {
    "status" : "failed",
    "statusMessage" : "The following asserts failed:\nexpected [true] but found [false], expected [0] but found [3]",
    "statusTrace" : "java.lang.AssertionError: The following asserts failed:\nexpected [true] but found [false], expected [0] but found [3]\r\n\tat org.testng.asserts.SoftAssert.assertAll(SoftAssert.java:38)\r\n\tat com.helinfengxs.util.Util.testNgAssert(Util.java:675)\r\n\tat com.helinfengxs.cases.employees.EmployeesDeleteCases.employeesDelete(EmployeesDeleteCases.java:40)\r\n\tat sun.reflect.NativeMethodAccessorImpl.invoke0(Native Method)\r\n\tat sun.reflect.NativeMethodAccessorImpl.invoke(NativeMethodAccessorImpl.java:62)\r\n\tat sun.reflect.DelegatingMethodAccessorImpl.invoke(DelegatingMethodAccessorImpl.java:43)\r\n\tat java.lang.reflect.Method.invoke(Method.java:498)\r\n\tat org.testng.internal.MethodInvocationHelper.invokeMethod(MethodInvocationHelper.java:85)\r\n\tat org.testng.internal.Invoker.invokeMethod(Invoker.java:696)\r\n\tat org.testng.internal.Invoker.invokeTestMethod(Invoker.java:882)\r\n\tat org.testng.internal.Invoker.invokeTestMethods(Invoker.java:1189)\r\n\tat org.testng.internal.TestMethodWorker.invokeTestMethods(TestMethodWorker.java:124)\r\n\tat org.testng.internal.TestMethodWorker.run(TestMethodWorker.java:108)\r\n\tat org.testng.TestRunner.privateRun(TestRunner.java:767)\r\n\tat org.testng.TestRunner.run(TestRunner.java:617)\r\n\tat org.testng.SuiteRunner.runTest(SuiteRunner.java:348)\r\n\tat org.testng.SuiteRunner.runSequentially(SuiteRunner.java:343)\r\n\tat org.testng.SuiteRunner.privateRun(SuiteRunner.java:305)\r\n\tat org.testng.SuiteRunner.run(SuiteRunner.java:254)\r\n\tat org.testng.SuiteRunnerWorker.runSuite(SuiteRunnerWorker.java:52)\r\n\tat org.testng.SuiteRunnerWorker.run(SuiteRunnerWorker.java:86)\r\n\tat org.testng.TestNG.runSuitesSequentially(TestNG.java:1224)\r\n\tat org.testng.TestNG.runSuitesLocally(TestNG.java:1149)\r\n\tat org.testng.TestNG.run(TestNG.java:1057)\r\n\tat com.intellij.rt.testng.IDEARemoteTestNG.run(IDEARemoteTestNG.java:66)\r\n\tat com.intellij.rt.testng.RemoteTestNGStarter.main(RemoteTestNGStarter.java:109)\r\n",
    "steps" : [ ],
    "attachments" : [ {
      "uid" : "4aa83202ac0bafab",
      "name" : "接口信息",
      "source" : "4aa83202ac0bafab.txt",
      "type" : "text/plain",
      "size" : 804
    }, {
      "uid" : "dee0094195d14a3d",
      "name" : "响应结果",
      "source" : "dee0094195d14a3d.txt",
      "type" : "text/plain",
      "size" : 122
    }, {
      "uid" : "56830fb550147144",
      "name" : "测试结果",
      "source" : "56830fb550147144.txt",
      "type" : "text/plain",
      "size" : 12
    } ],
    "parameters" : [ ],
    "hasContent" : true,
    "shouldDisplayMessage" : true,
    "attachmentsCount" : 3,
    "stepsCount" : 0
  },
  "afterStages" : [ ],
  "labels" : [ {
    "name" : "package",
    "value" : "com.helinfengxs.cases.employees.EmployeesDeleteCases"
  }, {
    "name" : "testClass",
    "value" : "com.helinfengxs.cases.employees.EmployeesDeleteCases"
  }, {
    "name" : "testMethod",
    "value" : "employeesDelete"
  }, {
    "name" : "parentSuite",
    "value" : "厨房安全v1.0"
  }, {
    "name" : "suite",
    "value" : "kitchen_api"
  }, {
    "name" : "subSuite",
    "value" : "com.helinfengxs.cases.employees.EmployeesDeleteCases"
  }, {
    "name" : "host",
    "value" : "DESKTOP-CD2E1TO"
  }, {
    "name" : "thread",
    "value" : "6388@DESKTOP-CD2E1TO.main(1)"
  }, {
    "name" : "framework",
    "value" : "testng"
  }, {
    "name" : "language",
    "value" : "java"
  }, {
    "name" : "story",
    "value" : "删除员工用例"
  }, {
    "name" : "severity",
    "value" : "blocker"
  }, {
    "name" : "resultFormat",
    "value" : "allure2"
  } ],
  "parameters" : [ ],
  "links" : [ ],
  "hidden" : false,
  "retry" : false,
  "extra" : {
    "severity" : "blocker",
    "retries" : [ {
      "uid" : "27f7163b71d3c2d2",
      "status" : "failed",
      "statusDetails" : "The following asserts failed:\nexpected [true] but found [false], expected [0] but found [3]",
      "time" : {
        "start" : 1624009354014,
        "stop" : 1624009354498,
        "duration" : 484
      }
    }, {
      "uid" : "41be32fcab656591",
      "status" : "failed",
      "statusDetails" : "The following asserts failed:\nexpected [true] but found [false], expected [0] but found [3]",
      "time" : {
        "start" : 1624009247354,
        "stop" : 1624009247914,
        "duration" : 560
      }
    }, {
      "uid" : "3ba746492b423425",
      "status" : "failed",
      "statusDetails" : "The following asserts failed:\nexpected [true] but found [false], expected [0] but found [3]",
      "time" : {
        "start" : 1624008662515,
        "stop" : 1624008663027,
        "duration" : 512
      }
    }, {
      "uid" : "7b557660bbbca5d8",
      "status" : "failed",
      "statusDetails" : "The following asserts failed:\nexpected [true] but found [false], expected [0] but found [3]",
      "time" : {
        "start" : 1624008555510,
        "stop" : 1624008556065,
        "duration" : 555
      }
    }, {
      "uid" : "674e8db808ce1669",
      "status" : "failed",
      "statusDetails" : "The following asserts failed:\nexpected [true] but found [false], expected [0] but found [3]",
      "time" : {
        "start" : 1624008246763,
        "stop" : 1624008247331,
        "duration" : 568
      }
    }, {
      "uid" : "7c176228eadca2cd",
      "status" : "failed",
      "statusDetails" : "The following asserts failed:\nexpected [true] but found [false], expected [0] but found [3]",
      "time" : {
        "start" : 1624006646107,
        "stop" : 1624006646668,
        "duration" : 561
      }
    }, {
      "uid" : "b763b08689bfac0c",
      "status" : "failed",
      "statusDetails" : "The following asserts failed:\nexpected [true] but found [false], expected [0] but found [3]",
      "time" : {
        "start" : 1624006443135,
        "stop" : 1624006443633,
        "duration" : 498
      }
    }, {
      "uid" : "abd5457c59d81e69",
      "status" : "failed",
      "statusDetails" : "The following asserts failed:\nexpected [true] but found [false], expected [0] but found [3]",
      "time" : {
        "start" : 1624006373288,
        "stop" : 1624006373862,
        "duration" : 574
      }
    }, {
      "uid" : "2339cdf368a5d733",
      "status" : "failed",
      "statusDetails" : "The following asserts failed:\nexpected [true] but found [false], expected [0] but found [3]",
      "time" : {
        "start" : 1624006226911,
        "stop" : 1624006227471,
        "duration" : 560
      }
    }, {
      "uid" : "89ec3dc078f8c82",
      "status" : "failed",
      "statusDetails" : "The following asserts failed:\nexpected [true] but found [false], expected [0] but found [3]",
      "time" : {
        "start" : 1624005978091,
        "stop" : 1624005978638,
        "duration" : 547
      }
    }, {
      "uid" : "213b7806c0f3ae4b",
      "status" : "failed",
      "statusDetails" : "The following asserts failed:\nexpected [true] but found [false], expected [0] but found [3]",
      "time" : {
        "start" : 1624004943878,
        "stop" : 1624004944458,
        "duration" : 580
      }
    } ],
    "categories" : [ {
      "name" : "Product defects",
      "matchedStatuses" : [ ],
      "flaky" : false
    } ],
    "tags" : [ ]
  },
  "source" : "592c3c49fce577e9.json",
  "parameterValues" : [ ]
}