{
  "uid" : "7b557660bbbca5d8",
  "name" : "删除员工",
  "fullName" : "com.helinfengxs.cases.employees.EmployeesDeleteCases.employeesDelete",
  "historyId" : "34b5b4964bd12e3b954bae824d43fdf2",
  "time" : {
    "start" : 1624008555510,
    "stop" : 1624008556065,
    "duration" : 555
  },
  "description" : "删除员工用例",
  "descriptionHtml" : "<p>删除员工用例</p>\n",
  "status" : "failed",
  "statusMessage" : "The following asserts failed:\nexpected [true] but found [false], expected [0] but found [3]",
  "statusTrace" : "java.lang.AssertionError: The following asserts failed:\nexpected [true] but found [false], expected [0] but found [3]\r\n\tat org.testng.asserts.SoftAssert.assertAll(SoftAssert.java:38)\r\n\tat com.helinfengxs.util.Util.testNgAssert(Util.java:673)\r\n\tat com.helinfengxs.cases.employees.EmployeesDeleteCases.employeesDelete(EmployeesDeleteCases.java:40)\r\n\tat sun.reflect.NativeMethodAccessorImpl.invoke0(Native Method)\r\n\tat sun.reflect.NativeMethodAccessorImpl.invoke(NativeMethodAccessorImpl.java:62)\r\n\tat sun.reflect.DelegatingMethodAccessorImpl.invoke(DelegatingMethodAccessorImpl.java:43)\r\n\tat java.lang.reflect.Method.invoke(Method.java:498)\r\n\tat org.testng.internal.MethodInvocationHelper.invokeMethod(MethodInvocationHelper.java:85)\r\n\tat org.testng.internal.Invoker.invokeMethod(Invoker.java:696)\r\n\tat org.testng.internal.Invoker.invokeTestMethod(Invoker.java:882)\r\n\tat org.testng.internal.Invoker.invokeTestMethods(Invoker.java:1189)\r\n\tat org.testng.internal.TestMethodWorker.invokeTestMethods(TestMethodWorker.java:124)\r\n\tat org.testng.internal.TestMethodWorker.run(TestMethodWorker.java:108)\r\n\tat org.testng.TestRunner.privateRun(TestRunner.java:767)\r\n\tat org.testng.TestRunner.run(TestRunner.java:617)\r\n\tat org.testng.SuiteRunner.runTest(SuiteRunner.java:348)\r\n\tat org.testng.SuiteRunner.runSequentially(SuiteRunner.java:343)\r\n\tat org.testng.SuiteRunner.privateRun(SuiteRunner.java:305)\r\n\tat org.testng.SuiteRunner.run(SuiteRunner.java:254)\r\n\tat org.testng.SuiteRunnerWorker.runSuite(SuiteRunnerWorker.java:52)\r\n\tat org.testng.SuiteRunnerWorker.run(SuiteRunnerWorker.java:86)\r\n\tat org.testng.TestNG.runSuitesSequentially(TestNG.java:1224)\r\n\tat org.testng.TestNG.runSuitesLocally(TestNG.java:1149)\r\n\tat org.testng.TestNG.run(TestNG.java:1057)\r\n\tat com.intellij.rt.testng.IDEARemoteTestNG.run(IDEARemoteTestNG.java:66)\r\n\tat com.intellij.rt.testng.RemoteTestNGStarter.main(RemoteTestNGStarter.java:109)\r\n",
  "flaky" : false,
  "newFailed" : false,
  "beforeStages" : [ {
    "name" : "init",
    "time" : {
      "start" : 1624008555500
    },
    "description" : "",
    "status" : "unknown",
    "steps" : [ ],
    "attachments" : [ ],
    "parameters" : [ ],
    "hasContent" : false,
    "shouldDisplayMessage" : false,
    "attachmentsCount" : 0,
    "stepsCount" : 0
  }, {
    "name" : "init",
    "time" : {
      "start" : 1624008555500,
      "stop" : 1624008555500,
      "duration" : 0
    },
    "description" : "",
    "status" : "passed",
    "steps" : [ ],
    "attachments" : [ ],
    "parameters" : [ ],
    "hasContent" : false,
    "shouldDisplayMessage" : false,
    "attachmentsCount" : 0,
    "stepsCount" : 0
  } ],
  "testStage" : {
    "description" : "删除员工用例",
    "status" : "failed",
    "statusMessage" : "The following asserts failed:\nexpected [true] but found [false], expected [0] but found [3]",
    "statusTrace" : "java.lang.AssertionError: The following asserts failed:\nexpected [true] but found [false], expected [0] but found [3]\r\n\tat org.testng.asserts.SoftAssert.assertAll(SoftAssert.java:38)\r\n\tat com.helinfengxs.util.Util.testNgAssert(Util.java:673)\r\n\tat com.helinfengxs.cases.employees.EmployeesDeleteCases.employeesDelete(EmployeesDeleteCases.java:40)\r\n\tat sun.reflect.NativeMethodAccessorImpl.invoke0(Native Method)\r\n\tat sun.reflect.NativeMethodAccessorImpl.invoke(NativeMethodAccessorImpl.java:62)\r\n\tat sun.reflect.DelegatingMethodAccessorImpl.invoke(DelegatingMethodAccessorImpl.java:43)\r\n\tat java.lang.reflect.Method.invoke(Method.java:498)\r\n\tat org.testng.internal.MethodInvocationHelper.invokeMethod(MethodInvocationHelper.java:85)\r\n\tat org.testng.internal.Invoker.invokeMethod(Invoker.java:696)\r\n\tat org.testng.internal.Invoker.invokeTestMethod(Invoker.java:882)\r\n\tat org.testng.internal.Invoker.invokeTestMethods(Invoker.java:1189)\r\n\tat org.testng.internal.TestMethodWorker.invokeTestMethods(TestMethodWorker.java:124)\r\n\tat org.testng.internal.TestMethodWorker.run(TestMethodWorker.java:108)\r\n\tat org.testng.TestRunner.privateRun(TestRunner.java:767)\r\n\tat org.testng.TestRunner.run(TestRunner.java:617)\r\n\tat org.testng.SuiteRunner.runTest(SuiteRunner.java:348)\r\n\tat org.testng.SuiteRunner.runSequentially(SuiteRunner.java:343)\r\n\tat org.testng.SuiteRunner.privateRun(SuiteRunner.java:305)\r\n\tat org.testng.SuiteRunner.run(SuiteRunner.java:254)\r\n\tat org.testng.SuiteRunnerWorker.runSuite(SuiteRunnerWorker.java:52)\r\n\tat org.testng.SuiteRunnerWorker.run(SuiteRunnerWorker.java:86)\r\n\tat org.testng.TestNG.runSuitesSequentially(TestNG.java:1224)\r\n\tat org.testng.TestNG.runSuitesLocally(TestNG.java:1149)\r\n\tat org.testng.TestNG.run(TestNG.java:1057)\r\n\tat com.intellij.rt.testng.IDEARemoteTestNG.run(IDEARemoteTestNG.java:66)\r\n\tat com.intellij.rt.testng.RemoteTestNGStarter.main(RemoteTestNGStarter.java:109)\r\n",
    "steps" : [ ],
    "attachments" : [ {
      "uid" : "c1640b1fe58667c2",
      "name" : "接口信息",
      "source" : "c1640b1fe58667c2.txt",
      "type" : "text/plain",
      "size" : 754
    }, {
      "uid" : "f451de7b083a8e2b",
      "name" : "响应结果",
      "source" : "f451de7b083a8e2b.txt",
      "type" : "text/plain",
      "size" : 122
    } ],
    "parameters" : [ ],
    "hasContent" : true,
    "shouldDisplayMessage" : true,
    "attachmentsCount" : 2,
    "stepsCount" : 0
  },
  "afterStages" : [ ],
  "labels" : [ {
    "name" : "package",
    "value" : "com.helinfengxs.cases.employees.EmployeesDeleteCases"
  }, {
    "name" : "testClass",
    "value" : "com.helinfengxs.cases.employees.EmployeesDeleteCases"
  }, {
    "name" : "testMethod",
    "value" : "employeesDelete"
  }, {
    "name" : "parentSuite",
    "value" : "厨房安全v1.0"
  }, {
    "name" : "suite",
    "value" : "kitchen_api"
  }, {
    "name" : "subSuite",
    "value" : "com.helinfengxs.cases.employees.EmployeesDeleteCases"
  }, {
    "name" : "host",
    "value" : "DESKTOP-CD2E1TO"
  }, {
    "name" : "thread",
    "value" : "16500@DESKTOP-CD2E1TO.main(1)"
  }, {
    "name" : "framework",
    "value" : "testng"
  }, {
    "name" : "language",
    "value" : "java"
  }, {
    "name" : "severity",
    "value" : "blocker"
  }, {
    "name" : "resultFormat",
    "value" : "allure2"
  } ],
  "parameters" : [ ],
  "links" : [ ],
  "hidden" : true,
  "retry" : true,
  "extra" : {
    "categories" : [ ],
    "tags" : [ ]
  },
  "source" : "7b557660bbbca5d8.json",
  "parameterValues" : [ ]
}