{
  "uid" : "a03c10c3a9abcc4a",
  "name" : "创建权限",
  "fullName" : "com.helinfengxs.cases.perm.PermCreateCases.permCreate",
  "historyId" : "ca0eff4986208532115c426c4120c92d",
  "time" : {
    "start" : 1624009529231,
    "stop" : 1624009529826,
    "duration" : 595
  },
  "status" : "failed",
  "statusMessage" : "The following asserts failed:\nexpected [true] but found [false], expected [0] but found [3]",
  "statusTrace" : "java.lang.AssertionError: The following asserts failed:\nexpected [true] but found [false], expected [0] but found [3]\r\n\tat org.testng.asserts.SoftAssert.assertAll(SoftAssert.java:38)\r\n\tat com.helinfengxs.util.Util.testNgAssert(Util.java:675)\r\n\tat com.helinfengxs.cases.perm.PermCreateCases.permCreate(PermCreateCases.java:35)\r\n\tat sun.reflect.NativeMethodAccessorImpl.invoke0(Native Method)\r\n\tat sun.reflect.NativeMethodAccessorImpl.invoke(NativeMethodAccessorImpl.java:62)\r\n\tat sun.reflect.DelegatingMethodAccessorImpl.invoke(DelegatingMethodAccessorImpl.java:43)\r\n\tat java.lang.reflect.Method.invoke(Method.java:498)\r\n\tat org.testng.internal.MethodInvocationHelper.invokeMethod(MethodInvocationHelper.java:85)\r\n\tat org.testng.internal.Invoker.invokeMethod(Invoker.java:696)\r\n\tat org.testng.internal.Invoker.invokeTestMethod(Invoker.java:882)\r\n\tat org.testng.internal.Invoker.invokeTestMethods(Invoker.java:1189)\r\n\tat org.testng.internal.TestMethodWorker.invokeTestMethods(TestMethodWorker.java:124)\r\n\tat org.testng.internal.TestMethodWorker.run(TestMethodWorker.java:108)\r\n\tat org.testng.TestRunner.privateRun(TestRunner.java:767)\r\n\tat org.testng.TestRunner.run(TestRunner.java:617)\r\n\tat org.testng.SuiteRunner.runTest(SuiteRunner.java:348)\r\n\tat org.testng.SuiteRunner.runSequentially(SuiteRunner.java:343)\r\n\tat org.testng.SuiteRunner.privateRun(SuiteRunner.java:305)\r\n\tat org.testng.SuiteRunner.run(SuiteRunner.java:254)\r\n\tat org.testng.SuiteRunnerWorker.runSuite(SuiteRunnerWorker.java:52)\r\n\tat org.testng.SuiteRunnerWorker.run(SuiteRunnerWorker.java:86)\r\n\tat org.testng.TestNG.runSuitesSequentially(TestNG.java:1224)\r\n\tat org.testng.TestNG.runSuitesLocally(TestNG.java:1149)\r\n\tat org.testng.TestNG.run(TestNG.java:1057)\r\n\tat com.intellij.rt.testng.IDEARemoteTestNG.run(IDEARemoteTestNG.java:66)\r\n\tat com.intellij.rt.testng.RemoteTestNGStarter.main(RemoteTestNGStarter.java:109)\r\n",
  "flaky" : false,
  "newFailed" : false,
  "beforeStages" : [ {
    "name" : "init",
    "time" : {
      "start" : 1624009529225
    },
    "description" : "",
    "status" : "unknown",
    "steps" : [ ],
    "attachments" : [ ],
    "parameters" : [ ],
    "hasContent" : false,
    "shouldDisplayMessage" : false,
    "attachmentsCount" : 0,
    "stepsCount" : 0
  }, {
    "name" : "init",
    "time" : {
      "start" : 1624009529225,
      "stop" : 1624009529225,
      "duration" : 0
    },
    "description" : "",
    "status" : "passed",
    "steps" : [ ],
    "attachments" : [ ],
    "parameters" : [ ],
    "hasContent" : false,
    "shouldDisplayMessage" : false,
    "attachmentsCount" : 0,
    "stepsCount" : 0
  } ],
  "testStage" : {
    "status" : "failed",
    "statusMessage" : "The following asserts failed:\nexpected [true] but found [false], expected [0] but found [3]",
    "statusTrace" : "java.lang.AssertionError: The following asserts failed:\nexpected [true] but found [false], expected [0] but found [3]\r\n\tat org.testng.asserts.SoftAssert.assertAll(SoftAssert.java:38)\r\n\tat com.helinfengxs.util.Util.testNgAssert(Util.java:675)\r\n\tat com.helinfengxs.cases.perm.PermCreateCases.permCreate(PermCreateCases.java:35)\r\n\tat sun.reflect.NativeMethodAccessorImpl.invoke0(Native Method)\r\n\tat sun.reflect.NativeMethodAccessorImpl.invoke(NativeMethodAccessorImpl.java:62)\r\n\tat sun.reflect.DelegatingMethodAccessorImpl.invoke(DelegatingMethodAccessorImpl.java:43)\r\n\tat java.lang.reflect.Method.invoke(Method.java:498)\r\n\tat org.testng.internal.MethodInvocationHelper.invokeMethod(MethodInvocationHelper.java:85)\r\n\tat org.testng.internal.Invoker.invokeMethod(Invoker.java:696)\r\n\tat org.testng.internal.Invoker.invokeTestMethod(Invoker.java:882)\r\n\tat org.testng.internal.Invoker.invokeTestMethods(Invoker.java:1189)\r\n\tat org.testng.internal.TestMethodWorker.invokeTestMethods(TestMethodWorker.java:124)\r\n\tat org.testng.internal.TestMethodWorker.run(TestMethodWorker.java:108)\r\n\tat org.testng.TestRunner.privateRun(TestRunner.java:767)\r\n\tat org.testng.TestRunner.run(TestRunner.java:617)\r\n\tat org.testng.SuiteRunner.runTest(SuiteRunner.java:348)\r\n\tat org.testng.SuiteRunner.runSequentially(SuiteRunner.java:343)\r\n\tat org.testng.SuiteRunner.privateRun(SuiteRunner.java:305)\r\n\tat org.testng.SuiteRunner.run(SuiteRunner.java:254)\r\n\tat org.testng.SuiteRunnerWorker.runSuite(SuiteRunnerWorker.java:52)\r\n\tat org.testng.SuiteRunnerWorker.run(SuiteRunnerWorker.java:86)\r\n\tat org.testng.TestNG.runSuitesSequentially(TestNG.java:1224)\r\n\tat org.testng.TestNG.runSuitesLocally(TestNG.java:1149)\r\n\tat org.testng.TestNG.run(TestNG.java:1057)\r\n\tat com.intellij.rt.testng.IDEARemoteTestNG.run(IDEARemoteTestNG.java:66)\r\n\tat com.intellij.rt.testng.RemoteTestNGStarter.main(RemoteTestNGStarter.java:109)\r\n",
    "steps" : [ ],
    "attachments" : [ {
      "uid" : "964449dd84be85dc",
      "name" : "接口信息",
      "source" : "964449dd84be85dc.txt",
      "type" : "text/plain",
      "size" : 852
    }, {
      "uid" : "874d6008a8f45567",
      "name" : "响应结果",
      "source" : "874d6008a8f45567.txt",
      "type" : "text/plain",
      "size" : 99
    }, {
      "uid" : "64945649237f5e0a",
      "name" : "测试结果",
      "source" : "64945649237f5e0a.txt",
      "type" : "text/plain",
      "size" : 12
    } ],
    "parameters" : [ ],
    "hasContent" : true,
    "shouldDisplayMessage" : true,
    "attachmentsCount" : 3,
    "stepsCount" : 0
  },
  "afterStages" : [ ],
  "labels" : [ {
    "name" : "package",
    "value" : "com.helinfengxs.cases.perm.PermCreateCases"
  }, {
    "name" : "testClass",
    "value" : "com.helinfengxs.cases.perm.PermCreateCases"
  }, {
    "name" : "testMethod",
    "value" : "permCreate"
  }, {
    "name" : "parentSuite",
    "value" : "厨房安全v1.0"
  }, {
    "name" : "suite",
    "value" : "kitchen_api"
  }, {
    "name" : "subSuite",
    "value" : "com.helinfengxs.cases.perm.PermCreateCases"
  }, {
    "name" : "host",
    "value" : "DESKTOP-CD2E1TO"
  }, {
    "name" : "thread",
    "value" : "6388@DESKTOP-CD2E1TO.main(1)"
  }, {
    "name" : "framework",
    "value" : "testng"
  }, {
    "name" : "language",
    "value" : "java"
  }, {
    "name" : "resultFormat",
    "value" : "allure2"
  } ],
  "parameters" : [ ],
  "links" : [ ],
  "hidden" : false,
  "retry" : false,
  "extra" : {
    "severity" : "normal",
    "retries" : [ {
      "uid" : "f8cb5a759b443265",
      "status" : "failed",
      "statusDetails" : "The following asserts failed:\nexpected [true] but found [false], expected [0] but found [3]",
      "time" : {
        "start" : 1624009349362,
        "stop" : 1624009350050,
        "duration" : 688
      }
    }, {
      "uid" : "b6eaa616e86623db",
      "status" : "failed",
      "statusDetails" : "The following asserts failed:\nexpected [true] but found [false], expected [0] but found [3]",
      "time" : {
        "start" : 1624009242892,
        "stop" : 1624009243623,
        "duration" : 731
      }
    }, {
      "uid" : "44e1cd6ed9f2fab0",
      "status" : "failed",
      "statusDetails" : "The following asserts failed:\nexpected [true] but found [false], expected [0] but found [3]",
      "time" : {
        "start" : 1624008658268,
        "stop" : 1624008658880,
        "duration" : 612
      }
    }, {
      "uid" : "27f4b411b8b68f00",
      "status" : "failed",
      "statusDetails" : "The following asserts failed:\nexpected [true] but found [false], expected [0] but found [3]",
      "time" : {
        "start" : 1624008550791,
        "stop" : 1624008551415,
        "duration" : 624
      }
    }, {
      "uid" : "25bde0074d2b3d14",
      "status" : "failed",
      "statusDetails" : "The following asserts failed:\nexpected [true] but found [false], expected [0] but found [3]",
      "time" : {
        "start" : 1624008242441,
        "stop" : 1624008243178,
        "duration" : 737
      }
    }, {
      "uid" : "c565a09be7252196",
      "status" : "failed",
      "statusDetails" : "The following asserts failed:\nexpected [true] but found [false], expected [0] but found [3]",
      "time" : {
        "start" : 1624006641807,
        "stop" : 1624006642481,
        "duration" : 674
      }
    }, {
      "uid" : "da974b08acdd9c17",
      "status" : "failed",
      "statusDetails" : "The following asserts failed:\nexpected [true] but found [false], expected [0] but found [3]",
      "time" : {
        "start" : 1624006438466,
        "stop" : 1624006439048,
        "duration" : 582
      }
    }, {
      "uid" : "862050b9726b4b9a",
      "status" : "failed",
      "statusDetails" : "The following asserts failed:\nexpected [true] but found [false], expected [0] but found [3]",
      "time" : {
        "start" : 1624006368964,
        "stop" : 1624006369559,
        "duration" : 595
      }
    }, {
      "uid" : "966f931f57808f80",
      "status" : "failed",
      "statusDetails" : "The following asserts failed:\nexpected [true] but found [false], expected [0] but found [3]",
      "time" : {
        "start" : 1624006222605,
        "stop" : 1624006223205,
        "duration" : 600
      }
    }, {
      "uid" : "b6ac5145e72848d8",
      "status" : "failed",
      "statusDetails" : "The following asserts failed:\nexpected [true] but found [false], expected [0] but found [3]",
      "time" : {
        "start" : 1624005973577,
        "stop" : 1624005974318,
        "duration" : 741
      }
    }, {
      "uid" : "f4d936273f828648",
      "status" : "failed",
      "statusDetails" : "The following asserts failed:\nexpected [true] but found [false], expected [0] but found [3]",
      "time" : {
        "start" : 1624004939414,
        "stop" : 1624004940095,
        "duration" : 681
      }
    } ],
    "categories" : [ {
      "name" : "Product defects",
      "matchedStatuses" : [ ],
      "flaky" : false
    } ],
    "tags" : [ ]
  },
  "source" : "a03c10c3a9abcc4a.json",
  "parameterValues" : [ ]
}