{
  "uid" : "d2e2a0e75691be9",
  "name" : "权限授予",
  "fullName" : "com.helinfengxs.cases.perm.PermGrantCases.permGrant",
  "historyId" : "8c5898477a9f7156f1ba67a9c24ee3cc",
  "time" : {
    "start" : 1624009531149,
    "stop" : 1624009531667,
    "duration" : 518
  },
  "status" : "failed",
  "statusMessage" : "The following asserts failed:\nexpected [true] but found [false], expected [0] but found [3]",
  "statusTrace" : "java.lang.AssertionError: The following asserts failed:\nexpected [true] but found [false], expected [0] but found [3]\r\n\tat org.testng.asserts.SoftAssert.assertAll(SoftAssert.java:38)\r\n\tat com.helinfengxs.util.Util.testNgAssert(Util.java:675)\r\n\tat com.helinfengxs.cases.perm.PermGrantCases.permGrant(PermGrantCases.java:35)\r\n\tat sun.reflect.NativeMethodAccessorImpl.invoke0(Native Method)\r\n\tat sun.reflect.NativeMethodAccessorImpl.invoke(NativeMethodAccessorImpl.java:62)\r\n\tat sun.reflect.DelegatingMethodAccessorImpl.invoke(DelegatingMethodAccessorImpl.java:43)\r\n\tat java.lang.reflect.Method.invoke(Method.java:498)\r\n\tat org.testng.internal.MethodInvocationHelper.invokeMethod(MethodInvocationHelper.java:85)\r\n\tat org.testng.internal.Invoker.invokeMethod(Invoker.java:696)\r\n\tat org.testng.internal.Invoker.invokeTestMethod(Invoker.java:882)\r\n\tat org.testng.internal.Invoker.invokeTestMethods(Invoker.java:1189)\r\n\tat org.testng.internal.TestMethodWorker.invokeTestMethods(TestMethodWorker.java:124)\r\n\tat org.testng.internal.TestMethodWorker.run(TestMethodWorker.java:108)\r\n\tat org.testng.TestRunner.privateRun(TestRunner.java:767)\r\n\tat org.testng.TestRunner.run(TestRunner.java:617)\r\n\tat org.testng.SuiteRunner.runTest(SuiteRunner.java:348)\r\n\tat org.testng.SuiteRunner.runSequentially(SuiteRunner.java:343)\r\n\tat org.testng.SuiteRunner.privateRun(SuiteRunner.java:305)\r\n\tat org.testng.SuiteRunner.run(SuiteRunner.java:254)\r\n\tat org.testng.SuiteRunnerWorker.runSuite(SuiteRunnerWorker.java:52)\r\n\tat org.testng.SuiteRunnerWorker.run(SuiteRunnerWorker.java:86)\r\n\tat org.testng.TestNG.runSuitesSequentially(TestNG.java:1224)\r\n\tat org.testng.TestNG.runSuitesLocally(TestNG.java:1149)\r\n\tat org.testng.TestNG.run(TestNG.java:1057)\r\n\tat com.intellij.rt.testng.IDEARemoteTestNG.run(IDEARemoteTestNG.java:66)\r\n\tat com.intellij.rt.testng.RemoteTestNGStarter.main(RemoteTestNGStarter.java:109)\r\n",
  "flaky" : false,
  "newFailed" : false,
  "beforeStages" : [ {
    "name" : "init",
    "time" : {
      "start" : 1624009531143
    },
    "description" : "",
    "status" : "unknown",
    "steps" : [ ],
    "attachments" : [ ],
    "parameters" : [ ],
    "hasContent" : false,
    "shouldDisplayMessage" : false,
    "attachmentsCount" : 0,
    "stepsCount" : 0
  }, {
    "name" : "init",
    "time" : {
      "start" : 1624009531143,
      "stop" : 1624009531143,
      "duration" : 0
    },
    "description" : "",
    "status" : "passed",
    "steps" : [ ],
    "attachments" : [ ],
    "parameters" : [ ],
    "hasContent" : false,
    "shouldDisplayMessage" : false,
    "attachmentsCount" : 0,
    "stepsCount" : 0
  } ],
  "testStage" : {
    "status" : "failed",
    "statusMessage" : "The following asserts failed:\nexpected [true] but found [false], expected [0] but found [3]",
    "statusTrace" : "java.lang.AssertionError: The following asserts failed:\nexpected [true] but found [false], expected [0] but found [3]\r\n\tat org.testng.asserts.SoftAssert.assertAll(SoftAssert.java:38)\r\n\tat com.helinfengxs.util.Util.testNgAssert(Util.java:675)\r\n\tat com.helinfengxs.cases.perm.PermGrantCases.permGrant(PermGrantCases.java:35)\r\n\tat sun.reflect.NativeMethodAccessorImpl.invoke0(Native Method)\r\n\tat sun.reflect.NativeMethodAccessorImpl.invoke(NativeMethodAccessorImpl.java:62)\r\n\tat sun.reflect.DelegatingMethodAccessorImpl.invoke(DelegatingMethodAccessorImpl.java:43)\r\n\tat java.lang.reflect.Method.invoke(Method.java:498)\r\n\tat org.testng.internal.MethodInvocationHelper.invokeMethod(MethodInvocationHelper.java:85)\r\n\tat org.testng.internal.Invoker.invokeMethod(Invoker.java:696)\r\n\tat org.testng.internal.Invoker.invokeTestMethod(Invoker.java:882)\r\n\tat org.testng.internal.Invoker.invokeTestMethods(Invoker.java:1189)\r\n\tat org.testng.internal.TestMethodWorker.invokeTestMethods(TestMethodWorker.java:124)\r\n\tat org.testng.internal.TestMethodWorker.run(TestMethodWorker.java:108)\r\n\tat org.testng.TestRunner.privateRun(TestRunner.java:767)\r\n\tat org.testng.TestRunner.run(TestRunner.java:617)\r\n\tat org.testng.SuiteRunner.runTest(SuiteRunner.java:348)\r\n\tat org.testng.SuiteRunner.runSequentially(SuiteRunner.java:343)\r\n\tat org.testng.SuiteRunner.privateRun(SuiteRunner.java:305)\r\n\tat org.testng.SuiteRunner.run(SuiteRunner.java:254)\r\n\tat org.testng.SuiteRunnerWorker.runSuite(SuiteRunnerWorker.java:52)\r\n\tat org.testng.SuiteRunnerWorker.run(SuiteRunnerWorker.java:86)\r\n\tat org.testng.TestNG.runSuitesSequentially(TestNG.java:1224)\r\n\tat org.testng.TestNG.runSuitesLocally(TestNG.java:1149)\r\n\tat org.testng.TestNG.run(TestNG.java:1057)\r\n\tat com.intellij.rt.testng.IDEARemoteTestNG.run(IDEARemoteTestNG.java:66)\r\n\tat com.intellij.rt.testng.RemoteTestNGStarter.main(RemoteTestNGStarter.java:109)\r\n",
    "steps" : [ ],
    "attachments" : [ {
      "uid" : "ecde8007ab72aab5",
      "name" : "接口信息",
      "source" : "ecde8007ab72aab5.txt",
      "type" : "text/plain",
      "size" : 804
    }, {
      "uid" : "8bb1926cc9c3164f",
      "name" : "响应结果",
      "source" : "8bb1926cc9c3164f.txt",
      "type" : "text/plain",
      "size" : 134
    }, {
      "uid" : "379a138e34191e2f",
      "name" : "测试结果",
      "source" : "379a138e34191e2f.txt",
      "type" : "text/plain",
      "size" : 12
    } ],
    "parameters" : [ ],
    "hasContent" : true,
    "shouldDisplayMessage" : true,
    "attachmentsCount" : 3,
    "stepsCount" : 0
  },
  "afterStages" : [ ],
  "labels" : [ {
    "name" : "package",
    "value" : "com.helinfengxs.cases.perm.PermGrantCases"
  }, {
    "name" : "testClass",
    "value" : "com.helinfengxs.cases.perm.PermGrantCases"
  }, {
    "name" : "testMethod",
    "value" : "permGrant"
  }, {
    "name" : "parentSuite",
    "value" : "厨房安全v1.0"
  }, {
    "name" : "suite",
    "value" : "kitchen_api"
  }, {
    "name" : "subSuite",
    "value" : "com.helinfengxs.cases.perm.PermGrantCases"
  }, {
    "name" : "host",
    "value" : "DESKTOP-CD2E1TO"
  }, {
    "name" : "thread",
    "value" : "6388@DESKTOP-CD2E1TO.main(1)"
  }, {
    "name" : "framework",
    "value" : "testng"
  }, {
    "name" : "language",
    "value" : "java"
  }, {
    "name" : "resultFormat",
    "value" : "allure2"
  } ],
  "parameters" : [ ],
  "links" : [ ],
  "hidden" : false,
  "retry" : false,
  "extra" : {
    "severity" : "normal",
    "retries" : [ {
      "uid" : "8014b61cad30ebac",
      "status" : "failed",
      "statusDetails" : "The following asserts failed:\nexpected [true] but found [false], expected [0] but found [3]",
      "time" : {
        "start" : 1624009351552,
        "stop" : 1624009352090,
        "duration" : 538
      }
    }, {
      "uid" : "d41b7cf604c0620d",
      "status" : "failed",
      "statusDetails" : "The following asserts failed:\nexpected [true] but found [false], expected [0] but found [3]",
      "time" : {
        "start" : 1624009244965,
        "stop" : 1624009245484,
        "duration" : 519
      }
    }, {
      "uid" : "f9c0fa549e6d8959",
      "status" : "failed",
      "statusDetails" : "The following asserts failed:\nexpected [true] but found [false], expected [0] but found [3]",
      "time" : {
        "start" : 1624008660141,
        "stop" : 1624008660670,
        "duration" : 529
      }
    }, {
      "uid" : "ade082f754e95f6",
      "status" : "failed",
      "statusDetails" : "The following asserts failed:\nexpected [true] but found [false], expected [0] but found [3]",
      "time" : {
        "start" : 1624008552894,
        "stop" : 1624008553449,
        "duration" : 555
      }
    }, {
      "uid" : "38782dc01efd8ba6",
      "status" : "failed",
      "statusDetails" : "The following asserts failed:\nexpected [true] but found [false], expected [0] but found [3]",
      "time" : {
        "start" : 1624008244491,
        "stop" : 1624008245066,
        "duration" : 575
      }
    }, {
      "uid" : "888a7a85f3b0d14d",
      "status" : "failed",
      "statusDetails" : "The following asserts failed:\nexpected [true] but found [false], expected [0] but found [3]",
      "time" : {
        "start" : 1624006643756,
        "stop" : 1624006644309,
        "duration" : 553
      }
    }, {
      "uid" : "866e65e6095ceb8a",
      "status" : "failed",
      "statusDetails" : "The following asserts failed:\nexpected [true] but found [false], expected [0] but found [3]",
      "time" : {
        "start" : 1624006440627,
        "stop" : 1624006441186,
        "duration" : 559
      }
    }, {
      "uid" : "70d23266c8b09f94",
      "status" : "failed",
      "statusDetails" : "The following asserts failed:\nexpected [true] but found [false], expected [0] but found [3]",
      "time" : {
        "start" : 1624006370835,
        "stop" : 1624006371404,
        "duration" : 569
      }
    }, {
      "uid" : "23309f239d73a03d",
      "status" : "failed",
      "statusDetails" : "The following asserts failed:\nexpected [true] but found [false], expected [0] but found [3]",
      "time" : {
        "start" : 1624006224497,
        "stop" : 1624006225070,
        "duration" : 573
      }
    }, {
      "uid" : "cef10e6e2220cb83",
      "status" : "failed",
      "statusDetails" : "The following asserts failed:\nexpected [true] but found [false], expected [0] but found [3]",
      "time" : {
        "start" : 1624005975509,
        "stop" : 1624005976175,
        "duration" : 666
      }
    }, {
      "uid" : "b40664ca203128c3",
      "status" : "failed",
      "statusDetails" : "The following asserts failed:\nexpected [true] but found [false], expected [0] but found [3]",
      "time" : {
        "start" : 1624004941474,
        "stop" : 1624004942042,
        "duration" : 568
      }
    } ],
    "categories" : [ {
      "name" : "Product defects",
      "matchedStatuses" : [ ],
      "flaky" : false
    } ],
    "tags" : [ ]
  },
  "source" : "d2e2a0e75691be9.json",
  "parameterValues" : [ ]
}